<?xml version="1.0" encoding="UTF-8"?>
<!-- Generated by org.testng.reporters.JUnitReportReporter -->
<testsuite skipped="0" hostname="DESKTOP-4NK7U3S" name="com.sscl.browserstack.TestBrowserStack" tests="4" failures="0" timestamp="13 Aug 2018 21:16:59 GMT" time="79.530" errors="0">
  <testcase name="testSeleniumOnBrowserStackCloud" time="20.091" classname="com.sscl.browserstack.TestBrowserStack"/>
  <testcase name="testSeleniumOnBrowserStackCloud" time="16.899" classname="com.sscl.browserstack.TestBrowserStack"/>
  <testcase name="testSeleniumOnBrowserStackCloud" time="21.259" classname="com.sscl.browserstack.TestBrowserStack"/>
  <testcase name="testSeleniumOnBrowserStackCloud" time="21.281" classname="com.sscl.browserstack.TestBrowserStack"/>
</testsuite> <!-- com.sscl.browserstack.TestBrowserStack -->
